[2024-12-11 16:09:59,673] ERROR log_exception() L875  Exception on /students [GET] - call_trace=D:\Rafael\Pós-graduação\MVP\Ful-Stack Básico\Escola\app-back\env\Lib\site-packages\flask\app.py L875 
Traceback (most recent call last):
  File "D:\Rafael\Pós-graduação\MVP\Ful-Stack Básico\Escola\app-back\env\Lib\site-packages\flask\app.py", line 1511, in wsgi_app
    response = self.full_dispatch_request()
  File "D:\Rafael\Pós-graduação\MVP\Ful-Stack Básico\Escola\app-back\env\Lib\site-packages\flask\app.py", line 919, in full_dispatch_request
    rv = self.handle_user_exception(e)
  File "D:\Rafael\Pós-graduação\MVP\Ful-Stack Básico\Escola\app-back\env\Lib\site-packages\flask_cors\extension.py", line 194, in wrapped_function
    return cors_after_request(app.make_response(f(*args, **kwargs)))
                                                ~^^^^^^^^^^^^^^^^^
  File "D:\Rafael\Pós-graduação\MVP\Ful-Stack Básico\Escola\app-back\env\Lib\site-packages\flask\app.py", line 917, in full_dispatch_request
    rv = self.dispatch_request()
  File "D:\Rafael\Pós-graduação\MVP\Ful-Stack Básico\Escola\app-back\env\Lib\site-packages\flask\app.py", line 902, in dispatch_request
    return self.ensure_sync(self.view_functions[rule.endpoint])(**view_args)  # type: ignore[no-any-return]
           ~~~~~~~~~~~~~~~~~~~~~~~~~~~~~~~~~~~~~~~~~~~~~~~~~~~~^^^^^^^^^^^^^
  File "D:\Rafael\Pós-graduação\MVP\Ful-Stack Básico\Escola\app-back\env\Lib\site-packages\flask_openapi3\scaffold.py", line 117, in view_func
    response = func(**func_kwargs)
  File "D:\Rafael\Pós-graduação\MVP\Ful-Stack Básico\Escola\app-back\app.py", line 84, in get_students
    students = session.query(Student).all()
  File "D:\Rafael\Pós-graduação\MVP\Ful-Stack Básico\Escola\app-back\env\Lib\site-packages\sqlalchemy\orm\query.py", line 2673, in all
    return self._iter().all()  # type: ignore
           ~~~~~~~~~~^^
  File "D:\Rafael\Pós-graduação\MVP\Ful-Stack Básico\Escola\app-back\env\Lib\site-packages\sqlalchemy\orm\query.py", line 2827, in _iter
    result: Union[ScalarResult[_T], Result[_T]] = self.session.execute(
                                                  ~~~~~~~~~~~~~~~~~~~~^
        statement,
        ^^^^^^^^^^
        params,
        ^^^^^^^
        execution_options={"_sa_orm_load_options": self.load_options},
        ^^^^^^^^^^^^^^^^^^^^^^^^^^^^^^^^^^^^^^^^^^^^^^^^^^^^^^^^^^^^^^
    )
    ^
  File "D:\Rafael\Pós-graduação\MVP\Ful-Stack Básico\Escola\app-back\env\Lib\site-packages\sqlalchemy\orm\session.py", line 2362, in execute
    return self._execute_internal(
           ~~~~~~~~~~~~~~~~~~~~~~^
        statement,
        ^^^^^^^^^^
    ...<4 lines>...
        _add_event=_add_event,
        ^^^^^^^^^^^^^^^^^^^^^^
    )
    ^
  File "D:\Rafael\Pós-graduação\MVP\Ful-Stack Básico\Escola\app-back\env\Lib\site-packages\sqlalchemy\orm\session.py", line 2237, in _execute_internal
    conn = self._connection_for_bind(bind)
  File "D:\Rafael\Pós-graduação\MVP\Ful-Stack Básico\Escola\app-back\env\Lib\site-packages\sqlalchemy\orm\session.py", line 2106, in _connection_for_bind
    return trans._connection_for_bind(engine, execution_options)
           ~~~~~~~~~~~~~~~~~~~~~~~~~~^^^^^^^^^^^^^^^^^^^^^^^^^^^
  File "<string>", line 2, in _connection_for_bind
  File "D:\Rafael\Pós-graduação\MVP\Ful-Stack Básico\Escola\app-back\env\Lib\site-packages\sqlalchemy\orm\state_changes.py", line 139, in _go
    ret_value = fn(self, *arg, **kw)
  File "D:\Rafael\Pós-graduação\MVP\Ful-Stack Básico\Escola\app-back\env\Lib\site-packages\sqlalchemy\orm\session.py", line 1189, in _connection_for_bind
    conn = bind.connect()
  File "D:\Rafael\Pós-graduação\MVP\Ful-Stack Básico\Escola\app-back\env\Lib\site-packages\sqlalchemy\engine\base.py", line 3278, in connect
    return self._connection_cls(self)
           ~~~~~~~~~~~~~~~~~~~~^^^^^^
  File "D:\Rafael\Pós-graduação\MVP\Ful-Stack Básico\Escola\app-back\env\Lib\site-packages\sqlalchemy\engine\base.py", line 146, in __init__
    self._dbapi_connection = engine.raw_connection()
                             ~~~~~~~~~~~~~~~~~~~~~^^
  File "D:\Rafael\Pós-graduação\MVP\Ful-Stack Básico\Escola\app-back\env\Lib\site-packages\sqlalchemy\engine\base.py", line 3302, in raw_connection
    return self.pool.connect()
           ~~~~~~~~~~~~~~~~~^^
  File "D:\Rafael\Pós-graduação\MVP\Ful-Stack Básico\Escola\app-back\env\Lib\site-packages\sqlalchemy\pool\base.py", line 449, in connect
    return _ConnectionFairy._checkout(self)
           ~~~~~~~~~~~~~~~~~~~~~~~~~~^^^^^^
  File "D:\Rafael\Pós-graduação\MVP\Ful-Stack Básico\Escola\app-back\env\Lib\site-packages\sqlalchemy\pool\base.py", line 1263, in _checkout
    fairy = _ConnectionRecord.checkout(pool)
  File "D:\Rafael\Pós-graduação\MVP\Ful-Stack Básico\Escola\app-back\env\Lib\site-packages\sqlalchemy\pool\base.py", line 712, in checkout
    rec = pool._do_get()
  File "D:\Rafael\Pós-graduação\MVP\Ful-Stack Básico\Escola\app-back\env\Lib\site-packages\sqlalchemy\pool\impl.py", line 168, in _do_get
    raise exc.TimeoutError(
    ...<4 lines>...
    )
sqlalchemy.exc.TimeoutError: QueuePool limit of size 5 overflow 10 reached, connection timed out, timeout 30.00 (Background on this error at: https://sqlalche.me/e/20/3o7r)
[2024-12-11 16:10:00,374] INFO _log() L97   127.0.0.1 - - [11/Dec/2024 16:10:00] "[35m[1mGET /students HTTP/1.1[0m" 500 - - call_trace=D:\Rafael\Pós-graduação\MVP\Ful-Stack Básico\Escola\app-back\env\Lib\site-packages\werkzeug\_internal.py L97  
[2024-12-11 16:13:18,174] INFO _log() L97   [31m[1mWARNING: This is a development server. Do not use it in a production deployment. Use a production WSGI server instead.[0m
 * Running on all addresses (0.0.0.0)
 * Running on http://127.0.0.1:5000
 * Running on http://192.168.1.65:5000 - call_trace=D:\Rafael\Pós-graduação\MVP\Ful-Stack Básico\Escola\app-back\env\Lib\site-packages\werkzeug\_internal.py L97  
[2024-12-11 16:13:18,175] INFO _log() L97   [33mPress CTRL+C to quit[0m - call_trace=D:\Rafael\Pós-graduação\MVP\Ful-Stack Básico\Escola\app-back\env\Lib\site-packages\werkzeug\_internal.py L97  
[2024-12-11 16:13:21,582] INFO _log() L97   127.0.0.1 - - [11/Dec/2024 16:13:21] "GET /students HTTP/1.1" 200 - - call_trace=D:\Rafael\Pós-graduação\MVP\Ful-Stack Básico\Escola\app-back\env\Lib\site-packages\werkzeug\_internal.py L97  
[2024-12-11 16:13:30,921] INFO _log() L97   127.0.0.1 - - [11/Dec/2024 16:13:30] "GET /student?name=Ana HTTP/1.1" 200 - - call_trace=D:\Rafael\Pós-graduação\MVP\Ful-Stack Básico\Escola\app-back\env\Lib\site-packages\werkzeug\_internal.py L97  
[2024-12-11 16:13:34,447] INFO _log() L97   127.0.0.1 - - [11/Dec/2024 16:13:34] "GET /students HTTP/1.1" 200 - - call_trace=D:\Rafael\Pós-graduação\MVP\Ful-Stack Básico\Escola\app-back\env\Lib\site-packages\werkzeug\_internal.py L97  
[2024-12-11 16:13:41,359] INFO _log() L97   127.0.0.1 - - [11/Dec/2024 16:13:41] "GET /student?name=LUAN HTTP/1.1" 200 - - call_trace=D:\Rafael\Pós-graduação\MVP\Ful-Stack Básico\Escola\app-back\env\Lib\site-packages\werkzeug\_internal.py L97  
[2024-12-11 16:13:43,337] INFO _log() L97   127.0.0.1 - - [11/Dec/2024 16:13:43] "GET /students HTTP/1.1" 200 - - call_trace=D:\Rafael\Pós-graduação\MVP\Ful-Stack Básico\Escola\app-back\env\Lib\site-packages\werkzeug\_internal.py L97  
